2024-09-21 21:45:31,847 [ERROR] Ошибка при запуске бота: no such table: promo_codes
2024-09-21 21:45:38,765 [ERROR] Ошибка при запуске бота: no such table: promo_codes
2024-09-21 21:47:34,395 [ERROR] Ошибка при запуске бота: no such table: promo_codes
2024-09-21 21:48:31,308 [ERROR] Ошибка при запуске бота: no such table: promo_codes
2024-09-21 22:05:55,185 [ERROR] Ошибка при запуске бота: no such table: promo_codes
2024-09-21 22:06:08,609 [ERROR] Ошибка при запуске бота: no such table: promo_codes
2024-09-21 22:08:00,663 [ERROR] Ошибка при запуске бота: no such table: promo_codes
2024-09-21 22:09:11,263 [ERROR] Ошибка при запуске бота: table promo_codes already exists
2024-09-21 22:09:51,455 [ERROR] Ошибка при запуске бота: no such table: promo_codes
2024-09-21 22:17:11,500 [INFO] Инициализация базы данных начата.
2024-09-21 22:17:11,503 [INFO] Таблица users успешно создана или уже существует.
2024-09-21 22:17:11,504 [INFO] Таблица cars успешно создана или уже существует.
2024-09-21 22:17:11,504 [INFO] Таблица purchases успешно создана или уже существует.
2024-09-21 22:17:11,505 [INFO] Таблица earnings успешно создана или уже существует.
2024-09-21 22:17:11,505 [INFO] Таблица promo_codes успешно создана или уже существует.
2024-09-21 22:17:11,506 [INFO] Таблица channels успешно создана или уже существует.
2024-09-21 22:17:11,509 [ERROR] Ошибка при запуске бота: no such table: promo_codes
2024-09-21 22:21:28,285 [INFO] Инициализация базы данных начата.
2024-09-21 22:21:28,287 [INFO] Таблица users успешно создана или уже существует.
2024-09-21 22:21:28,287 [INFO] Таблица cars успешно создана или уже существует.
2024-09-21 22:21:28,288 [INFO] Таблица purchases успешно создана или уже существует.
2024-09-21 22:21:28,288 [INFO] Таблица earnings успешно создана или уже существует.
2024-09-21 22:21:28,288 [INFO] Таблица channels успешно создана или уже существует.
2024-09-21 22:21:28,289 [INFO] Таблица VALUES успешно создана или уже существует.
2024-09-21 22:21:28,291 [ERROR] Ошибка при запуске бота: no such table: promo_codes
2024-09-21 22:22:09,651 [INFO] Инициализация базы данных начата.
2024-09-21 22:22:09,654 [INFO] Таблица users успешно создана или уже существует.
2024-09-21 22:22:09,655 [INFO] Таблица cars успешно создана или уже существует.
2024-09-21 22:22:09,655 [INFO] Таблица purchases успешно создана или уже существует.
2024-09-21 22:22:09,655 [INFO] Таблица earnings успешно создана или уже существует.
2024-09-21 22:22:09,656 [INFO] Таблица channels успешно создана или уже существует.
2024-09-21 22:22:09,656 [INFO] Таблица VALUES успешно создана или уже существует.
2024-09-21 22:22:09,657 [INFO] Таблица promo_codes успешно создана или уже существует.
2024-09-21 22:22:09,659 [ERROR] Ошибка при запуске бота: no such table: promo_codes
2024-09-21 23:01:34,518 [INFO] Инициализация базы данных начата.
2024-09-21 23:01:34,525 [INFO] Таблица users успешно создана или уже существует.
2024-09-21 23:01:34,526 [INFO] Таблица cars успешно создана или уже существует.
2024-09-21 23:01:34,527 [INFO] Таблица purchases успешно создана или уже существует.
2024-09-21 23:01:34,528 [INFO] Таблица earnings успешно создана или уже существует.
2024-09-21 23:01:34,529 [INFO] Таблица channels успешно создана или уже существует.
2024-09-21 23:01:34,529 [INFO] Таблица VALUES успешно создана или уже существует.
2024-09-21 23:01:34,530 [INFO] Таблица promo_codes успешно создана или уже существует.
2024-09-21 23:01:34,534 [ERROR] Ошибка при запуске бота: no such table: promo_codes
2024-09-21 23:01:34,535 [INFO] Инициализация базы данных начата.
2024-09-21 23:01:34,538 [INFO] Таблица users успешно создана или уже существует.
2024-09-21 23:01:34,538 [INFO] Таблица cars успешно создана или уже существует.
2024-09-21 23:01:34,538 [INFO] Таблица purchases успешно создана или уже существует.
2024-09-21 23:01:34,539 [INFO] Таблица earnings успешно создана или уже существует.
2024-09-21 23:01:34,539 [INFO] Таблица channels успешно создана или уже существует.
2024-09-21 23:01:34,539 [INFO] Таблица VALUES успешно создана или уже существует.
2024-09-21 23:01:34,540 [INFO] Таблица promo_codes успешно создана или уже существует.
2024-09-21 23:01:34,546 [ERROR] Ошибка при запуске бота: no such table: promo_codes
2024-09-21 23:01:48,650 [INFO] Инициализация базы данных начата.
2024-09-21 23:01:48,654 [INFO] Таблица users успешно создана или уже существует.
2024-09-21 23:01:48,654 [INFO] Таблица cars успешно создана или уже существует.
2024-09-21 23:01:48,654 [INFO] Таблица purchases успешно создана или уже существует.
2024-09-21 23:01:48,655 [INFO] Таблица earnings успешно создана или уже существует.
2024-09-21 23:01:48,655 [INFO] Таблица channels успешно создана или уже существует.
2024-09-21 23:01:48,656 [INFO] Таблица VALUES успешно создана или уже существует.
2024-09-21 23:01:48,656 [INFO] Таблица promo_codes успешно создана или уже существует.
2024-09-21 23:01:48,662 [ERROR] Ошибка при запуске бота: no such table: promo_codes
2024-09-21 23:01:48,664 [INFO] Инициализация базы данных начата.
2024-09-21 23:01:48,667 [INFO] Таблица users успешно создана или уже существует.
2024-09-21 23:01:48,667 [INFO] Таблица cars успешно создана или уже существует.
2024-09-21 23:01:48,667 [INFO] Таблица purchases успешно создана или уже существует.
2024-09-21 23:01:48,667 [INFO] Таблица earnings успешно создана или уже существует.
2024-09-21 23:01:48,668 [INFO] Таблица channels успешно создана или уже существует.
2024-09-21 23:01:48,668 [INFO] Таблица VALUES успешно создана или уже существует.
2024-09-21 23:01:48,668 [INFO] Таблица promo_codes успешно создана или уже существует.
2024-09-21 23:01:48,672 [ERROR] Ошибка при запуске бота: no such table: promo_codes
2024-09-21 23:02:05,982 [INFO] Инициализация базы данных начата.
2024-09-21 23:02:05,986 [INFO] Таблица users успешно создана или уже существует.
2024-09-21 23:02:05,987 [INFO] Таблица cars успешно создана или уже существует.
2024-09-21 23:02:05,987 [INFO] Таблица purchases успешно создана или уже существует.
2024-09-21 23:02:05,988 [INFO] Таблица earnings успешно создана или уже существует.
2024-09-21 23:02:05,988 [INFO] Таблица channels успешно создана или уже существует.
2024-09-21 23:02:05,989 [INFO] Таблица VALUES успешно создана или уже существует.
2024-09-21 23:02:05,990 [INFO] Таблица promo_codes успешно создана или уже существует.
2024-09-21 23:02:05,995 [ERROR] Ошибка при запуске бота: no such table: promo_codes
2024-09-21 23:12:48,829 [INFO] Инициализация базы данных начата.
2024-09-21 23:12:48,831 [INFO] Таблица users успешно создана или уже существует.
2024-09-21 23:12:48,832 [INFO] Таблица cars успешно создана или уже существует.
2024-09-21 23:12:48,832 [INFO] Таблица purchases успешно создана или уже существует.
2024-09-21 23:12:48,832 [INFO] Таблица earnings успешно создана или уже существует.
2024-09-21 23:12:48,833 [INFO] Таблица channels успешно создана или уже существует.
2024-09-21 23:12:48,833 [INFO] Данные в таблице channels вставлены успешно.
2024-09-21 23:12:48,833 [INFO] Таблица promo_codes успешно создана или уже существует.
2024-09-21 23:12:48,839 [ERROR] Ошибка при запуске бота: no such table: promo_codes
2024-09-21 23:14:29,165 [INFO] Инициализация базы данных начата.
2024-09-21 23:14:29,168 [INFO] Таблица users успешно создана или уже существует.
2024-09-21 23:14:29,168 [INFO] Таблица cars успешно создана или уже существует.
2024-09-21 23:14:29,169 [INFO] Таблица purchases успешно создана или уже существует.
2024-09-21 23:14:29,169 [INFO] Таблица earnings успешно создана или уже существует.
2024-09-21 23:14:29,169 [INFO] Таблица channels успешно создана или уже существует.
2024-09-21 23:14:29,170 [INFO] Данные в таблице channels вставлены успешно.
2024-09-21 23:14:29,170 [INFO] Таблица promo_codes успешно создана или уже существует.
2024-09-21 23:14:29,175 [ERROR] Ошибка при запуске бота: no such table: promo_codes
2024-09-21 23:17:28,187 [INFO] Инициализация базы данных начата.
2024-09-21 23:17:28,189 [INFO] Таблица users успешно создана или уже существует.
2024-09-21 23:17:28,190 [INFO] Таблица cars успешно создана или уже существует.
2024-09-21 23:17:28,190 [INFO] Таблица purchases успешно создана или уже существует.
2024-09-21 23:17:28,190 [INFO] Таблица earnings успешно создана или уже существует.
2024-09-21 23:17:28,190 [INFO] Таблица channels успешно создана или уже существует.
2024-09-21 23:17:28,192 [INFO] Данные в таблице channels вставлены успешно.
2024-09-21 23:17:28,192 [INFO] Таблица promo_codes успешно создана или уже существует.
2024-09-21 23:17:28,197 [ERROR] Ошибка при запуске бота: no such table: promo_codes
2024-09-21 23:25:26,862 [INFO] Инициализация базы данных начата.
2024-09-21 23:25:26,864 [INFO] Таблица users успешно создана или уже существует.
2024-09-21 23:25:26,866 [INFO] Таблица cars успешно создана или уже существует.
2024-09-21 23:25:26,866 [INFO] Таблица purchases успешно создана или уже существует.
2024-09-21 23:25:26,867 [INFO] Таблица earnings успешно создана или уже существует.
2024-09-21 23:25:26,867 [INFO] Таблица channels успешно создана или уже существует.
2024-09-21 23:25:26,867 [INFO] Данные в таблице channels вставлены успешно.
2024-09-21 23:25:26,867 [INFO] Таблица promo_codes успешно создана или уже существует.
2024-09-21 23:25:26,872 [ERROR] Ошибка при запуске бота: no such table: promo_codes
2024-09-21 23:25:43,266 [INFO] Инициализация базы данных начата.
2024-09-21 23:25:43,269 [INFO] Таблица users успешно создана или уже существует.
2024-09-21 23:25:43,270 [INFO] Таблица cars успешно создана или уже существует.
2024-09-21 23:25:43,270 [INFO] Таблица purchases успешно создана или уже существует.
2024-09-21 23:25:43,270 [INFO] Таблица earnings успешно создана или уже существует.
2024-09-21 23:25:43,270 [INFO] Таблица channels успешно создана или уже существует.
2024-09-21 23:25:43,271 [INFO] Данные в таблице channels вставлены успешно.
2024-09-21 23:25:43,275 [ERROR] Ошибка при запуске бота: no such table: promo_codes
2024-09-21 23:32:25,163 [INFO] Инициализация базы данных начата.
2024-09-21 23:32:25,166 [INFO] Таблица promo_codes успешно создана или уже существует.
2024-09-21 23:32:25,168 [ERROR] Ошибка при запуске бота: no such table: promo_codes
2024-09-21 23:51:59,239 [INFO] Инициализация базы данных начата.
2024-09-21 23:51:59,247 [INFO] Таблица promo_codes успешно создана или уже существует.
2024-09-21 23:51:59,250 [ERROR] Ошибка при запуске бота: no such table: promo_codes
2024-09-22 00:01:01,358 [INFO] Инициализация базы данных начата.
2024-09-22 00:01:01,363 [ERROR] Ошибка при запуске бота: no such table: promo_codes
2024-09-22 00:01:19,953 [INFO] Инициализация базы данных начата.
2024-09-22 00:01:19,958 [ERROR] Ошибка при запуске бота: no such table: promo_codes
2024-09-22 00:01:44,306 [INFO] Инициализация базы данных начата.
2024-09-22 00:01:44,310 [ERROR] Ошибка при запуске бота: no such table: promo_codes
2024-09-22 00:02:16,073 [INFO] Инициализация базы данных начата.
2024-09-22 00:02:16,078 [ERROR] Ошибка при запуске бота: no such table: promo_codes
2024-09-22 00:07:05,645 [INFO] Инициализация базы данных начата.
2024-09-22 00:07:05,653 [ERROR] Ошибка при запуске бота: no such table: promo_codes
2024-09-22 00:10:00,318 [INFO] Инициализация базы данных начата.
2024-09-22 00:10:00,327 [ERROR] Ошибка при запуске бота: no such table: promo_codes
2024-09-22 00:11:51,823 [INFO] Инициализация базы данных начата.
2024-09-22 00:11:51,829 [ERROR] Ошибка при запуске бота: no such table: promo_codes
2024-09-22 00:12:52,787 [INFO] Инициализация базы данных начата.
2024-09-22 00:12:52,791 [ERROR] Ошибка при создании таблицы users: Cannot operate on a closed cursor.
2024-09-22 00:12:52,791 [INFO] Данные в таблице users вставлены успешно.
2024-09-22 00:12:52,794 [ERROR] Ошибка при запуске бота: no such table: promo_codes
2024-09-22 00:13:43,730 [INFO] Инициализация базы данных начата.
2024-09-22 00:13:43,736 [ERROR] Ошибка при запуске бота: no such table: promo_codes
2024-09-22 00:18:09,048 [INFO] Инициализация базы данных начата.
2024-09-22 00:18:09,055 [INFO] Таблица promo_codes успешно создана или уже существует.
2024-09-22 00:18:09,057 [ERROR] Ошибка при запуске бота: no such table: promo_codes
2024-09-22 00:19:18,581 [INFO] Инициализация базы данных начата.
2024-09-22 00:19:18,587 [INFO] Таблица promo_codes успешно создана или уже существует.
2024-09-22 00:19:18,589 [ERROR] Ошибка при запуске бота: no such table: promo_codes
2024-09-22 00:21:52,544 [INFO] Инициализация базы данных начата.
2024-09-22 00:21:52,546 [INFO] Таблица promo_codes успешно создана или уже существует.
2024-09-22 00:21:52,549 [ERROR] Ошибка при запуске бота: no such table: promo_codes
2024-09-22 00:21:52,549 [INFO] Инициализация базы данных начата.
2024-09-22 00:21:52,551 [INFO] Таблица promo_codes успешно создана или уже существует.
2024-09-22 00:28:21,115 [INFO] Инициализация базы данных начата.
2024-09-22 00:28:21,119 [INFO] Таблица users создаеться
2024-09-22 00:28:21,119 [INFO] Таблица users успешно создана или уже существует.
2024-09-22 00:28:21,120 [INFO] Таблица cars успешно создана или уже существует.
2024-09-22 00:28:21,120 [INFO] Таблица purchases успешно создана или уже существует.
2024-09-22 00:28:21,121 [INFO] Таблица earnings успешно создана или уже существует.
2024-09-22 00:28:21,121 [INFO] Таблица channels успешно создана или уже существует.
2024-09-22 00:28:21,122 [INFO] Данные в таблицу channels успешно добавлены.
2024-09-22 00:28:21,122 [INFO] Таблица promo_codes успешно создана или уже существует.
2024-09-22 00:28:21,130 [ERROR] Ошибка при запуске бота: no such table: promo_codes
2024-09-22 00:28:40,364 [INFO] Инициализация базы данных начата.
2024-09-22 00:28:40,367 [INFO] Таблица users создаеться
2024-09-22 00:28:40,368 [INFO] Таблица users успешно создана или уже существует. /n
2024-09-22 00:28:40,368 [INFO] Таблица cars успешно создана или уже существует.
2024-09-22 00:28:40,369 [INFO] Таблица purchases успешно создана или уже существует.
2024-09-22 00:28:40,369 [INFO] Таблица earnings успешно создана или уже существует.
2024-09-22 00:28:40,369 [INFO] Таблица channels успешно создана или уже существует.
2024-09-22 00:28:40,370 [INFO] Данные в таблицу channels успешно добавлены.
2024-09-22 00:28:40,371 [INFO] Таблица promo_codes успешно создана или уже существует.
2024-09-22 00:28:40,378 [ERROR] Ошибка при запуске бота: no such table: promo_codes
2024-09-22 00:38:40,902 [INFO] Инициализация базы данных начата.
2024-09-22 00:38:40,904 [INFO] Таблица users создаеться
2024-09-22 00:38:40,905 [INFO] Таблица users успешно создана или уже существует.
2024-09-22 00:38:40,905 [INFO]  
2024-09-22 00:38:40,905 [INFO] Таблица cars создаеться
2024-09-22 00:38:40,905 [INFO] Таблица cars успешно создана или уже существует.
2024-09-22 00:38:40,905 [INFO]  
2024-09-22 00:38:40,907 [INFO] Таблица purchases создаеться
2024-09-22 00:38:40,907 [INFO] Таблица purchases успешно создана или уже существует.
2024-09-22 00:38:40,907 [INFO]  
2024-09-22 00:38:40,907 [INFO] Таблица earnings создаеться
2024-09-22 00:38:40,908 [INFO] Таблица earnings успешно создана или уже существует.
2024-09-22 00:38:40,908 [INFO]  
2024-09-22 00:38:40,908 [INFO] Таблица channels создаеться
2024-09-22 00:38:40,909 [INFO] Таблица channels успешно создана или уже существует.
2024-09-22 00:38:40,909 [INFO]  
2024-09-22 00:38:40,909 [INFO] Таблица VALUES создана
2024-09-22 00:38:40,909 [INFO] Данные в таблицу channels успешно добавлены.
2024-09-22 00:38:40,910 [INFO]  
2024-09-22 00:38:40,910 [INFO] Таблица promo_codes создаеться
2024-09-22 00:38:40,910 [INFO] Таблица promo_codes успешно создана или уже существует.
2024-09-22 00:38:40,916 [ERROR] Ошибка при запуске бота: no such table: promo_codes
2024-09-22 00:49:56,858 [INFO] Инициализация базы данных начата.
2024-09-22 00:49:56,865 [INFO] Таблица users создаеться
2024-09-22 00:49:56,865 [ERROR] Ошибка при инициализации базы данных: Cannot operate on a closed cursor.
2024-09-22 00:49:56,869 [ERROR] Ошибка при запуске бота: no such table: promo_codes
2024-09-22 00:52:24,007 [INFO] Инициализация базы данных начата.
2024-09-22 00:52:24,010 [INFO] Таблица users создается
2024-09-22 00:52:24,012 [INFO] Таблица users успешно создана или уже существует.
2024-09-22 00:52:24,012 [INFO] Таблица cars создается
2024-09-22 00:52:24,013 [INFO] Таблица cars успешно создана или уже существует.
2024-09-22 00:52:24,013 [INFO] Таблица purchases создается
2024-09-22 00:52:24,013 [INFO] Таблица purchases успешно создана или уже существует.
2024-09-22 00:52:24,014 [INFO] Таблица earnings создается
2024-09-22 00:52:24,014 [INFO] Таблица earnings успешно создана или уже существует.
2024-09-22 00:52:24,014 [INFO] Таблица channels создается
2024-09-22 00:52:24,014 [INFO] Таблица channels успешно создана или уже существует.
2024-09-22 00:52:24,014 [INFO] Добавление данных в таблицу channels
2024-09-22 00:52:24,015 [INFO] Данные в таблицу channels успешно добавлены.
2024-09-22 00:52:24,015 [INFO] Таблица promo_codes создается
2024-09-22 00:52:24,015 [INFO] Таблица promo_codes успешно создана или уже существует.
2024-09-22 00:52:24,021 [INFO] Инициализация базы данных завершена.
2024-09-22 00:52:24,025 [ERROR] Ошибка при запуске бота: no such table: promo_codes
2024-09-22 01:21:17,849 [INFO] Инициализация базы данных начата.
2024-09-22 01:21:17,851 [INFO] Таблица users создается
2024-09-22 01:21:17,852 [INFO] Таблица users успешно создана или уже существует.
2024-09-22 01:21:17,852 [INFO] Таблица cars создается
2024-09-22 01:21:17,853 [INFO] Таблица cars успешно создана или уже существует.
2024-09-22 01:21:17,853 [INFO] Таблица purchases создается
2024-09-22 01:21:17,853 [INFO] Таблица purchases успешно создана или уже существует.
2024-09-22 01:21:17,854 [INFO] Таблица earnings создается
2024-09-22 01:21:17,854 [INFO] Таблица earnings успешно создана или уже существует.
2024-09-22 01:21:17,854 [INFO] Таблица channels создается
2024-09-22 01:21:17,855 [INFO] Таблица channels успешно создана или уже существует.
2024-09-22 01:21:17,855 [INFO] Добавление данных в таблицу channels
2024-09-22 01:21:17,855 [INFO] Данные в таблицу channels успешно добавлены.
2024-09-22 01:21:17,856 [INFO] Таблица promo_codes создается
2024-09-22 01:21:17,856 [INFO] Таблица promo_codes успешно создана или уже существует.
2024-09-22 01:21:17,861 [INFO] Инициализация базы данных завершена.
2024-09-22 01:21:17,863 [INFO] Вставка заранее подготовленных промокодов в базу данных
2024-09-22 01:21:17,865 [ERROR] Ошибка при запуске бота: no such table: promo_codes
2024-09-22 01:22:52,065 [INFO] Инициализация базы данных начата.
2024-09-22 01:22:52,069 [INFO] Таблица users создается
2024-09-22 01:22:52,073 [INFO] Таблица users успешно создана или уже существует.
2024-09-22 01:22:52,073 [INFO] Таблица cars создается
2024-09-22 01:22:52,075 [INFO] Таблица cars успешно создана или уже существует.
2024-09-22 01:22:52,075 [INFO] Таблица purchases создается
2024-09-22 01:22:52,077 [INFO] Таблица purchases успешно создана или уже существует.
2024-09-22 01:22:52,077 [INFO] Таблица earnings создается
2024-09-22 01:22:52,078 [INFO] Таблица earnings успешно создана или уже существует.
2024-09-22 01:22:52,078 [INFO] Таблица channels создается
2024-09-22 01:22:52,079 [INFO] Таблица channels успешно создана или уже существует.
2024-09-22 01:22:52,079 [INFO] Добавление данных в таблицу channels
2024-09-22 01:22:52,079 [INFO] Данные в таблицу channels успешно добавлены.
2024-09-22 01:22:52,079 [INFO] Таблица promo_codes создается
2024-09-22 01:22:52,080 [INFO] Таблица promo_codes успешно создана или уже существует.
2024-09-22 01:22:52,083 [INFO] Инициализация базы данных завершена.
2024-09-22 01:22:52,085 [INFO] Вставка заранее подготовленных промокодов в базу данных
2024-09-22 01:22:52,086 [ERROR] Ошибка при запуске бота: no such table: promo_codes
2024-09-22 01:36:41,527 [INFO] Инициализация базы данных начата.
2024-09-22 01:36:41,529 [INFO] Таблица users создается
2024-09-22 01:36:41,530 [INFO] Таблица users успешно создана или уже существует.
2024-09-22 01:36:41,530 [INFO] Таблица cars создается
2024-09-22 01:36:41,530 [INFO] Таблица cars успешно создана или уже существует.
2024-09-22 01:36:41,532 [INFO] Таблица purchases создается
2024-09-22 01:36:41,532 [INFO] Таблица purchases успешно создана или уже существует.
2024-09-22 01:36:41,532 [INFO] Таблица earnings создается
2024-09-22 01:36:41,533 [INFO] Таблица earnings успешно создана или уже существует.
2024-09-22 01:36:41,534 [INFO] Таблица channels создается
2024-09-22 01:36:41,534 [INFO] Таблица channels успешно создана или уже существует.
2024-09-22 01:36:41,534 [INFO] Добавление данных в таблицу channels
2024-09-22 01:36:41,535 [INFO] Данные в таблицу channels успешно добавлены.
2024-09-22 01:36:41,535 [INFO] Таблица promo_codes создается
2024-09-22 01:36:41,535 [INFO] Таблица promo_codes успешно создана или уже существует.
2024-09-22 01:36:41,541 [INFO] Инициализация базы данных завершена.
2024-09-22 01:36:41,543 [INFO] Таблицы в базе данных: [('users',), ('cars',), ('purchases',), ('earnings',), ('sqlite_sequence',), ('channels',), ('promo_codes',)]
2024-09-22 01:36:41,545 [INFO] Вставка заранее подготовленных промокодов в базу данных
2024-09-22 01:36:41,546 [INFO] Добавляем промокод: CODE1, категория: normal, награда: 10
2024-09-22 01:36:41,546 [INFO] Добавляем промокод: CODE2, категория: normal, награда: 10
2024-09-22 01:36:41,546 [INFO] Добавляем промокод: CODE3, категория: normal, награда: 10
2024-09-22 01:36:41,546 [INFO] Добавляем промокод: CODE4, категория: normal, награда: 30
2024-09-22 01:36:41,547 [INFO] Добавляем промокод: CODE5, категория: normal, награда: 30
2024-09-22 01:36:41,548 [INFO] Добавляем промокод: CODE6, категория: normal, награда: 50
2024-09-22 01:36:41,548 [INFO] Добавляем промокод: SPECIAL1, категория: special, награда: 100
2024-09-22 01:36:41,549 [INFO] Добавляем промокод: SPECIAL2, категория: special, награда: 150
2024-09-22 01:36:41,549 [INFO] Добавляем промокод: SPECIAL3, категория: special, награда: 200
2024-09-22 01:36:41,550 [INFO] Добавляем промокод: ADVANCED1, категория: advanced, награда: 350
2024-09-22 01:36:41,550 [INFO] Добавляем промокод: ADVANCED2, категория: advanced, награда: 400
2024-09-22 01:36:41,550 [INFO] Добавляем промокод: ADVANCED3, категория: advanced, награда: 450
2024-09-22 01:36:41,552 [INFO] Промокоды успешно вставлены в базу данных
2024-09-22 01:36:41,554 [INFO] Бот успешно запущен.
